<?xml version="1.0" encoding="UTF-8"?>
<!-- Generated by org.testng.reporters.JUnitXMLReporter -->
<testsuite hostname="home-PC" ignored="0" name="Test" tests="3" failures="1" timestamp="19 Sep 2017 17:04:27 GMT" time="0.14" errors="0">
  <testcase name="failTest" time="0.033" classname="Package4.ActualTest">
    <failure type="java.lang.AssertionError" message="expected [true] but found [false]">
      <![CDATA[java.lang.AssertionError: expected [true] but found [false]
	at Package4.ActualTest.failTest(ActualTest.java:24)
... Removed 29 stack frames]]>
    </failure>
  </testcase> <!-- failTest -->
  <testcase name="passTest" time="0.005" classname="Package4.ActualTest"/>
  <testcase name="skipTest" time="0.002" classname="Package4.ActualTest">
    <skipped/>
  </testcase> <!-- skipTest -->
</testsuite> <!-- Test -->
